[2019-04-10 02:44:09] development.ERROR: Cms\Classes\CmsException: The partial 'site/header' is not found. in /Applications/MAMP/htdocs/octCMSPortfolio/modules/cms/Classes/Controller.php:1032
Stack trace:
#0 /Applications/MAMP/htdocs/octCMSPortfolio/modules/cms/Twig/Extension.php(102): Cms\Classes\Controller->renderPartial('site/header', Array, true)
#1 /Applications/MAMP/htdocs/octCMSPortfolio/storage/cms/twig/fa/fae43cf2a9cd746fe1b32939f0f560d17726fde793f18e07f0acf8fabe4a5bec.php(67): Cms\Twig\Extension->partialFunction('site/header', Array, true)
#2 /Applications/MAMP/htdocs/octCMSPortfolio/vendor/twig/twig/lib/Twig/Template.php(386): __TwigTemplate_11f987dcfd84e08da10be1b5e4a6acab8e3f95862a2ef279a20fa4da5e63f28e->doDisplay(Array, Array)
#3 /Applications/MAMP/htdocs/octCMSPortfolio/vendor/twig/twig/lib/Twig/Template.php(363): Twig_Template->displayWithErrorHandling(Array, Array)
#4 /Applications/MAMP/htdocs/octCMSPortfolio/vendor/twig/twig/lib/Twig/Template.php(371): Twig_Template->display(Array)
#5 /Applications/MAMP/htdocs/octCMSPortfolio/modules/cms/Classes/Controller.php(434): Twig_Template->render(Array)
#6 /Applications/MAMP/htdocs/octCMSPortfolio/modules/cms/Classes/Controller.php(224): Cms\Classes\Controller->runPage(Object(Cms\Classes\Page))
#7 /Applications/MAMP/htdocs/octCMSPortfolio/modules/cms/Classes/CmsController.php(50): Cms\Classes\Controller->run('/')
#8 [internal function]: Cms\Classes\CmsController->run('/')
#9 /Applications/MAMP/htdocs/octCMSPortfolio/vendor/laravel/framework/src/Illuminate/Routing/Controller.php(54): call_user_func_array(Array, Array)
#10 /Applications/MAMP/htdocs/octCMSPortfolio/vendor/laravel/framework/src/Illuminate/Routing/ControllerDispatcher.php(45): Illuminate\Routing\Controller->callAction('run', Array)
#11 /Applications/MAMP/htdocs/octCMSPortfolio/vendor/laravel/framework/src/Illuminate/Routing/Route.php(212): Illuminate\Routing\ControllerDispatcher->dispatch(Object(Illuminate\Routing\Route), Object(Cms\Classes\CmsController), 'run')
#12 /Applications/MAMP/htdocs/octCMSPortfolio/vendor/laravel/framework/src/Illuminate/Routing/Route.php(169): Illuminate\Routing\Route->runController()
#13 /Applications/MAMP/htdocs/octCMSPortfolio/vendor/laravel/framework/src/Illuminate/Routing/Router.php(658): Illuminate\Routing\Route->run()
#14 /Applications/MAMP/htdocs/octCMSPortfolio/vendor/laravel/framework/src/Illuminate/Routing/Pipeline.php(30): Illuminate\Routing\Router->Illuminate\Routing\{closure}(Object(Illuminate\Http\Request))
#15 /Applications/MAMP/htdocs/octCMSPortfolio/vendor/laravel/framework/src/Illuminate/Routing/Middleware/SubstituteBindings.php(41): Illuminate\Routing\Pipeline->Illuminate\Routing\{closure}(Object(Illuminate\Http\Request))
#16 /Applications/MAMP/htdocs/octCMSPortfolio/vendor/laravel/framework/src/Illuminate/Pipeline/Pipeline.php(149): Illuminate\Routing\Middleware\SubstituteBindings->handle(Object(Illuminate\Http\Request), Object(Closure))
#17 /Applications/MAMP/htdocs/octCMSPortfolio/vendor/laravel/framework/src/Illuminate/Routing/Pipeline.php(53): Illuminate\Pipeline\Pipeline->Illuminate\Pipeline\{closure}(Object(Illuminate\Http\Request))
#18 /Applications/MAMP/htdocs/octCMSPortfolio/vendor/laravel/framework/src/Illuminate/View/Middleware/ShareErrorsFromSession.php(49): Illuminate\Routing\Pipeline->Illuminate\Routing\{closure}(Object(Illuminate\Http\Request))
#19 /Applications/MAMP/htdocs/octCMSPortfolio/vendor/laravel/framework/src/Illuminate/Pipeline/Pipeline.php(149): Illuminate\View\Middleware\ShareErrorsFromSession->handle(Object(Illuminate\Http\Request), Object(Closure))
#20 /Applications/MAMP/htdocs/octCMSPortfolio/vendor/laravel/framework/src/Illuminate/Routing/Pipeline.php(53): Illuminate\Pipeline\Pipeline->Illuminate\Pipeline\{closure}(Object(Illuminate\Http\Request))
#21 /Applications/MAMP/htdocs/octCMSPortfolio/vendor/laravel/framework/src/Illuminate/Session/Middleware/StartSession.php(63): Illuminate\Routing\Pipeline->Illuminate\Routing\{closure}(Object(Illuminate\Http\Request))
#22 /Applications/MAMP/htdocs/octCMSPortfolio/vendor/laravel/framework/src/Illuminate/Pipeline/Pipeline.php(149): Illuminate\Session\Middleware\StartSession->handle(Object(Illuminate\Http\Request), Object(Closure))
#23 /Applications/MAMP/htdocs/octCMSPortfolio/vendor/laravel/framework/src/Illuminate/Routing/Pipeline.php(53): Illuminate\Pipeline\Pipeline->Illuminate\Pipeline\{closure}(Object(Illuminate\Http\Request))
#24 /Applications/MAMP/htdocs/octCMSPortfolio/vendor/laravel/framework/src/Illuminate/Cookie/Middleware/AddQueuedCookiesToResponse.php(37): Illuminate\Routing\Pipeline->Illuminate\Routing\{closure}(Object(Illuminate\Http\Request))
#25 /Applications/MAMP/htdocs/octCMSPortfolio/vendor/laravel/framework/src/Illuminate/Pipeline/Pipeline.php(149): Illuminate\Cookie\Middleware\AddQueuedCookiesToResponse->handle(Object(Illuminate\Http\Request), Object(Closure))
#26 /Applications/MAMP/htdocs/octCMSPortfolio/vendor/laravel/framework/src/Illuminate/Routing/Pipeline.php(53): Illuminate\Pipeline\Pipeline->Illuminate\Pipeline\{closure}(Object(Illuminate\Http\Request))
#27 /Applications/MAMP/htdocs/octCMSPortfolio/vendor/laravel/framework/src/Illuminate/Cookie/Middleware/EncryptCookies.php(66): Illuminate\Routing\Pipeline->Illuminate\Routing\{closure}(Object(Illuminate\Http\Request))
#28 /Applications/MAMP/htdocs/octCMSPortfolio/vendor/laravel/framework/src/Illuminate/Pipeline/Pipeline.php(149): Illuminate\Cookie\Middleware\EncryptCookies->handle(Object(Illuminate\Http\Request), Object(Closure))
#29 /Applications/MAMP/htdocs/octCMSPortfolio/vendor/laravel/framework/src/Illuminate/Routing/Pipeline.php(53): Illuminate\Pipeline\Pipeline->Illuminate\Pipeline\{closure}(Object(Illuminate\Http\Request))
#30 /Applications/MAMP/htdocs/octCMSPortfolio/vendor/laravel/framework/src/Illuminate/Pipeline/Pipeline.php(102): Illuminate\Routing\Pipeline->Illuminate\Routing\{closure}(Object(Illuminate\Http\Request))
#31 /Applications/MAMP/htdocs/octCMSPortfolio/vendor/laravel/framework/src/Illuminate/Routing/Router.php(660): Illuminate\Pipeline\Pipeline->then(Object(Closure))
#32 /Applications/MAMP/htdocs/octCMSPortfolio/vendor/laravel/framework/src/Illuminate/Routing/Router.php(635): Illuminate\Routing\Router->runRouteWithinStack(Object(Illuminate\Routing\Route), Object(Illuminate\Http\Request))
#33 /Applications/MAMP/htdocs/octCMSPortfolio/vendor/laravel/framework/src/Illuminate/Routing/Router.php(601): Illuminate\Routing\Router->runRoute(Object(Illuminate\Http\Request), Object(Illuminate\Routing\Route))
#34 /Applications/MAMP/htdocs/octCMSPortfolio/vendor/october/rain/src/Router/CoreRouter.php(20): Illuminate\Routing\Router->dispatchToRoute(Object(Illuminate\Http\Request))
#35 /Applications/MAMP/htdocs/octCMSPortfolio/vendor/laravel/framework/src/Illuminate/Foundation/Http/Kernel.php(176): October\Rain\Router\CoreRouter->dispatch(Object(Illuminate\Http\Request))
#36 /Applications/MAMP/htdocs/octCMSPortfolio/vendor/laravel/framework/src/Illuminate/Routing/Pipeline.php(30): Illuminate\Foundation\Http\Kernel->Illuminate\Foundation\Http\{closure}(Object(Illuminate\Http\Request))
#37 /Applications/MAMP/htdocs/octCMSPortfolio/vendor/laravel/framework/src/Illuminate/Foundation/Http/Middleware/CheckForMaintenanceMode.php(46): Illuminate\Routing\Pipeline->Illuminate\Routing\{closure}(Object(Illuminate\Http\Request))
#38 /Applications/MAMP/htdocs/octCMSPortfolio/vendor/laravel/framework/src/Illuminate/Pipeline/Pipeline.php(149): Illuminate\Foundation\Http\Middleware\CheckForMaintenanceMode->handle(Object(Illuminate\Http\Request), Object(Closure))
#39 /Applications/MAMP/htdocs/octCMSPortfolio/vendor/laravel/framework/src/Illuminate/Routing/Pipeline.php(53): Illuminate\Pipeline\Pipeline->Illuminate\Pipeline\{closure}(Object(Illuminate\Http\Request))
#40 /Applications/MAMP/htdocs/octCMSPortfolio/vendor/laravel/framework/src/Illuminate/Pipeline/Pipeline.php(102): Illuminate\Routing\Pipeline->Illuminate\Routing\{closure}(Object(Illuminate\Http\Request))
#41 /Applications/MAMP/htdocs/octCMSPortfolio/vendor/laravel/framework/src/Illuminate/Foundation/Http/Kernel.php(151): Illuminate\Pipeline\Pipeline->then(Object(Closure))
#42 /Applications/MAMP/htdocs/octCMSPortfolio/vendor/laravel/framework/src/Illuminate/Foundation/Http/Kernel.php(116): Illuminate\Foundation\Http\Kernel->sendRequestThroughRouter(Object(Illuminate\Http\Request))
#43 /Applications/MAMP/htdocs/octCMSPortfolio/index.php(43): Illuminate\Foundation\Http\Kernel->handle(Object(Illuminate\Http\Request))
#44 {main}

Next Twig_Error_Runtime: An exception has been thrown during the rendering of a template ("The partial 'site/header' is not found.") in "/Applications/MAMP/htdocs/octCMSPortfolio/themes/demo/layouts/default.htm" at line 20. in /Applications/MAMP/htdocs/octCMSPortfolio/vendor/twig/twig/lib/Twig/Template.php:401
Stack trace:
#0 /Applications/MAMP/htdocs/octCMSPortfolio/vendor/twig/twig/lib/Twig/Template.php(363): Twig_Template->displayWithErrorHandling(Array, Array)
#1 /Applications/MAMP/htdocs/octCMSPortfolio/vendor/twig/twig/lib/Twig/Template.php(371): Twig_Template->display(Array)
#2 /Applications/MAMP/htdocs/octCMSPortfolio/modules/cms/Classes/Controller.php(434): Twig_Template->render(Array)
#3 /Applications/MAMP/htdocs/octCMSPortfolio/modules/cms/Classes/Controller.php(224): Cms\Classes\Controller->runPage(Object(Cms\Classes\Page))
#4 /Applications/MAMP/htdocs/octCMSPortfolio/modules/cms/Classes/CmsController.php(50): Cms\Classes\Controller->run('/')
#5 [internal function]: Cms\Classes\CmsController->run('/')
#6 /Applications/MAMP/htdocs/octCMSPortfolio/vendor/laravel/framework/src/Illuminate/Routing/Controller.php(54): call_user_func_array(Array, Array)
#7 /Applications/MAMP/htdocs/octCMSPortfolio/vendor/laravel/framework/src/Illuminate/Routing/ControllerDispatcher.php(45): Illuminate\Routing\Controller->callAction('run', Array)
#8 /Applications/MAMP/htdocs/octCMSPortfolio/vendor/laravel/framework/src/Illuminate/Routing/Route.php(212): Illuminate\Routing\ControllerDispatcher->dispatch(Object(Illuminate\Routing\Route), Object(Cms\Classes\CmsController), 'run')
#9 /Applications/MAMP/htdocs/octCMSPortfolio/vendor/laravel/framework/src/Illuminate/Routing/Route.php(169): Illuminate\Routing\Route->runController()
#10 /Applications/MAMP/htdocs/octCMSPortfolio/vendor/laravel/framework/src/Illuminate/Routing/Router.php(658): Illuminate\Routing\Route->run()
#11 /Applications/MAMP/htdocs/octCMSPortfolio/vendor/laravel/framework/src/Illuminate/Routing/Pipeline.php(30): Illuminate\Routing\Router->Illuminate\Routing\{closure}(Object(Illuminate\Http\Request))
#12 /Applications/MAMP/htdocs/octCMSPortfolio/vendor/laravel/framework/src/Illuminate/Routing/Middleware/SubstituteBindings.php(41): Illuminate\Routing\Pipeline->Illuminate\Routing\{closure}(Object(Illuminate\Http\Request))
#13 /Applications/MAMP/htdocs/octCMSPortfolio/vendor/laravel/framework/src/Illuminate/Pipeline/Pipeline.php(149): Illuminate\Routing\Middleware\SubstituteBindings->handle(Object(Illuminate\Http\Request), Object(Closure))
#14 /Applications/MAMP/htdocs/octCMSPortfolio/vendor/laravel/framework/src/Illuminate/Routing/Pipeline.php(53): Illuminate\Pipeline\Pipeline->Illuminate\Pipeline\{closure}(Object(Illuminate\Http\Request))
#15 /Applications/MAMP/htdocs/octCMSPortfolio/vendor/laravel/framework/src/Illuminate/View/Middleware/ShareErrorsFromSession.php(49): Illuminate\Routing\Pipeline->Illuminate\Routing\{closure}(Object(Illuminate\Http\Request))
#16 /Applications/MAMP/htdocs/octCMSPortfolio/vendor/laravel/framework/src/Illuminate/Pipeline/Pipeline.php(149): Illuminate\View\Middleware\ShareErrorsFromSession->handle(Object(Illuminate\Http\Request), Object(Closure))
#17 /Applications/MAMP/htdocs/octCMSPortfolio/vendor/laravel/framework/src/Illuminate/Routing/Pipeline.php(53): Illuminate\Pipeline\Pipeline->Illuminate\Pipeline\{closure}(Object(Illuminate\Http\Request))
#18 /Applications/MAMP/htdocs/octCMSPortfolio/vendor/laravel/framework/src/Illuminate/Session/Middleware/StartSession.php(63): Illuminate\Routing\Pipeline->Illuminate\Routing\{closure}(Object(Illuminate\Http\Request))
#19 /Applications/MAMP/htdocs/octCMSPortfolio/vendor/laravel/framework/src/Illuminate/Pipeline/Pipeline.php(149): Illuminate\Session\Middleware\StartSession->handle(Object(Illuminate\Http\Request), Object(Closure))
#20 /Applications/MAMP/htdocs/octCMSPortfolio/vendor/laravel/framework/src/Illuminate/Routing/Pipeline.php(53): Illuminate\Pipeline\Pipeline->Illuminate\Pipeline\{closure}(Object(Illuminate\Http\Request))
#21 /Applications/MAMP/htdocs/octCMSPortfolio/vendor/laravel/framework/src/Illuminate/Cookie/Middleware/AddQueuedCookiesToResponse.php(37): Illuminate\Routing\Pipeline->Illuminate\Routing\{closure}(Object(Illuminate\Http\Request))
#22 /Applications/MAMP/htdocs/octCMSPortfolio/vendor/laravel/framework/src/Illuminate/Pipeline/Pipeline.php(149): Illuminate\Cookie\Middleware\AddQueuedCookiesToResponse->handle(Object(Illuminate\Http\Request), Object(Closure))
#23 /Applications/MAMP/htdocs/octCMSPortfolio/vendor/laravel/framework/src/Illuminate/Routing/Pipeline.php(53): Illuminate\Pipeline\Pipeline->Illuminate\Pipeline\{closure}(Object(Illuminate\Http\Request))
#24 /Applications/MAMP/htdocs/octCMSPortfolio/vendor/laravel/framework/src/Illuminate/Cookie/Middleware/EncryptCookies.php(66): Illuminate\Routing\Pipeline->Illuminate\Routing\{closure}(Object(Illuminate\Http\Request))
#25 /Applications/MAMP/htdocs/octCMSPortfolio/vendor/laravel/framework/src/Illuminate/Pipeline/Pipeline.php(149): Illuminate\Cookie\Middleware\EncryptCookies->handle(Object(Illuminate\Http\Request), Object(Closure))
#26 /Applications/MAMP/htdocs/octCMSPortfolio/vendor/laravel/framework/src/Illuminate/Routing/Pipeline.php(53): Illuminate\Pipeline\Pipeline->Illuminate\Pipeline\{closure}(Object(Illuminate\Http\Request))
#27 /Applications/MAMP/htdocs/octCMSPortfolio/vendor/laravel/framework/src/Illuminate/Pipeline/Pipeline.php(102): Illuminate\Routing\Pipeline->Illuminate\Routing\{closure}(Object(Illuminate\Http\Request))
#28 /Applications/MAMP/htdocs/octCMSPortfolio/vendor/laravel/framework/src/Illuminate/Routing/Router.php(660): Illuminate\Pipeline\Pipeline->then(Object(Closure))
#29 /Applications/MAMP/htdocs/octCMSPortfolio/vendor/laravel/framework/src/Illuminate/Routing/Router.php(635): Illuminate\Routing\Router->runRouteWithinStack(Object(Illuminate\Routing\Route), Object(Illuminate\Http\Request))
#30 /Applications/MAMP/htdocs/octCMSPortfolio/vendor/laravel/framework/src/Illuminate/Routing/Router.php(601): Illuminate\Routing\Router->runRoute(Object(Illuminate\Http\Request), Object(Illuminate\Routing\Route))
#31 /Applications/MAMP/htdocs/octCMSPortfolio/vendor/october/rain/src/Router/CoreRouter.php(20): Illuminate\Routing\Router->dispatchToRoute(Object(Illuminate\Http\Request))
#32 /Applications/MAMP/htdocs/octCMSPortfolio/vendor/laravel/framework/src/Illuminate/Foundation/Http/Kernel.php(176): October\Rain\Router\CoreRouter->dispatch(Object(Illuminate\Http\Request))
#33 /Applications/MAMP/htdocs/octCMSPortfolio/vendor/laravel/framework/src/Illuminate/Routing/Pipeline.php(30): Illuminate\Foundation\Http\Kernel->Illuminate\Foundation\Http\{closure}(Object(Illuminate\Http\Request))
#34 /Applications/MAMP/htdocs/octCMSPortfolio/vendor/laravel/framework/src/Illuminate/Foundation/Http/Middleware/CheckForMaintenanceMode.php(46): Illuminate\Routing\Pipeline->Illuminate\Routing\{closure}(Object(Illuminate\Http\Request))
#35 /Applications/MAMP/htdocs/octCMSPortfolio/vendor/laravel/framework/src/Illuminate/Pipeline/Pipeline.php(149): Illuminate\Foundation\Http\Middleware\CheckForMaintenanceMode->handle(Object(Illuminate\Http\Request), Object(Closure))
#36 /Applications/MAMP/htdocs/octCMSPortfolio/vendor/laravel/framework/src/Illuminate/Routing/Pipeline.php(53): Illuminate\Pipeline\Pipeline->Illuminate\Pipeline\{closure}(Object(Illuminate\Http\Request))
#37 /Applications/MAMP/htdocs/octCMSPortfolio/vendor/laravel/framework/src/Illuminate/Pipeline/Pipeline.php(102): Illuminate\Routing\Pipeline->Illuminate\Routing\{closure}(Object(Illuminate\Http\Request))
#38 /Applications/MAMP/htdocs/octCMSPortfolio/vendor/laravel/framework/src/Illuminate/Foundation/Http/Kernel.php(151): Illuminate\Pipeline\Pipeline->then(Object(Closure))
#39 /Applications/MAMP/htdocs/octCMSPortfolio/vendor/laravel/framework/src/Illuminate/Foundation/Http/Kernel.php(116): Illuminate\Foundation\Http\Kernel->sendRequestThroughRouter(Object(Illuminate\Http\Request))
#40 /Applications/MAMP/htdocs/octCMSPortfolio/index.php(43): Illuminate\Foundation\Http\Kernel->handle(Object(Illuminate\Http\Request))
#41 {main}  
